This is pdfTeX, Version 3.141592653-2.6-1.40.23 (TeX Live 2022/dev) (preloaded format=pdflatex 2021.7.8)  17 SEP 2021 14:44
entering extended mode
 restricted \write18 enabled.
 %&-line parsing enabled.
**RLab3_answers.tex
(./RLab3_answers.tex
LaTeX2e <2021-06-01> patch level 1
L3 programming layer <2021-06-18>
(/Users/davidmccoy/Library/TinyTeX/texmf-dist/tex/latex/exam/exam.cls
Document Class: exam 2021/02/26 Version 2.7 by Philip Hirschhorn
(/Users/davidmccoy/Library/TinyTeX/texmf-dist/tex/latex/base/ifthen.sty
Package: ifthen 2020/11/24 v1.1c Standard LaTeX ifthen package (DPC)
)
(/Users/davidmccoy/Library/TinyTeX/texmf-dist/tex/latex/base/article.cls
Document Class: article 2021/02/12 v1.4n Standard LaTeX document class
(/Users/davidmccoy/Library/TinyTeX/texmf-dist/tex/latex/base/size10.clo
File: size10.clo 2021/02/12 v1.4n Standard LaTeX file (size option)
)
\c@part=\count182
\c@section=\count183
\c@subsection=\count184
\c@subsubsection=\count185
\c@paragraph=\count186
\c@subparagraph=\count187
\c@figure=\count188
\c@table=\count189
\abovecaptionskip=\skip47
\belowcaptionskip=\skip48
\bibindent=\dimen138
)
\@extrawidth=\skip49
\@rightmargin=\skip50
\@extrahead=\skip51
\@extrafoot=\skip52
\run@exhd=\skip53
\fp@exhd=\skip54
\run@exft=\skip55
\fp@exft=\skip56
\covrun@exhd=\skip57
\covfp@exhd=\skip58
\covrun@exft=\skip59
\covfp@exft=\skip60
\c@num@coverpages=\count190
\c@latest@ques=\count191
\c@ques@end=\count192
\c@last@object=\count193
\c@incmp@ques=\count194
\c@next@ques=\count195
\c@next@page=\count196
\c@tmp@hlfcntr=\count197
\c@ifpos@cntr=\count198
\c@question=\count199
\c@partno=\count266
\c@subpart=\count267
\c@subsubpart=\count268
\c@choice=\count269
\c@numpoints=\count270
\c@numbonuspoints=\count271
\c@pointsof@thisquestion=\count272
\c@bonuspointsof@thisquestion=\count273
\c@numquestions=\count274
\c@numparts=\count275
\c@numsubparts=\count276
\c@numsubsubparts=\count277
\c@Curr@Page=\count278
\c@@pagepoints=\count279
\c@@pagebonuspoints=\count280
\c@pageof@pagepoints=\count281
\c@pageof@pagebonuspoints=\count282
\c@latest@points=\count283
\c@latest@bonuspoints=\count284
\pageinfo@commands=\toks16
\temp@toks=\toks17
\pagepoint@commands=\toks18
\point@toks=\toks19
\c@ques@object=\count285
\marginpointssep=\skip61
\rightpointsmargin=\skip62
\choice@toks=\toks20
\answerlinelength=\skip63
\answerskip=\skip64
\answerclearance=\skip65
\fillinlinelength=\skip66
\linefillheight=\skip67
\linefillthickness=\skip68
\dottedlinefillheight=\skip69
\gridsize=\skip70
\gridlinewidth=\skip71
\minboxheight=\skip72
\c@@iterator=\count286
\@cellwidth=\skip73
\c@tbl@points=\count287
\c@tbl@bonuspoints=\count288
\c@pq@index=\count289
\c@pq@index@pts=\count290
\c@pq@index@bpts=\count291
\c@num@cols=\count292
\c@num@rows=\count293
\c@current@row=\count294
\c@cols@done=\count295
\exam@box=\box50
\saved@totalleftmargin=\dimen139
\@sollistdepth=\count296
\exam@FrameRule=\dimen140
\exam@FrameSep=\dimen141
)
(/Users/davidmccoy/Library/TinyTeX/texmf-dist/tex/latex/footmisc/footmisc.sty
Package: footmisc 2011/06/06 v5.5b a miscellany of footnote facilities
\FN@temptoken=\toks21
\footnotemargin=\dimen142
\c@pp@next@reset=\count297
Package footmisc Info: Declaring symbol style bringhurst on input line 855.
Package footmisc Info: Declaring symbol style chicago on input line 863.
Package footmisc Info: Declaring symbol style wiley on input line 872.
Package footmisc Info: Declaring symbol style lamport-robust on input line 883.

Package footmisc Info: Declaring symbol style lamport* on input line 903.
Package footmisc Info: Declaring symbol style lamport*-robust on input line 924
.
)
(/Users/davidmccoy/Library/TinyTeX/texmf-dist/tex/latex/graphics/graphicx.sty
Package: graphicx 2020/12/05 v1.2c Enhanced LaTeX Graphics (DPC,SPQR)

(/Users/davidmccoy/Library/TinyTeX/texmf-dist/tex/latex/graphics/keyval.sty
Package: keyval 2014/10/28 v1.15 key=value parser (DPC)
\KV@toks@=\toks22
)
(/Users/davidmccoy/Library/TinyTeX/texmf-dist/tex/latex/graphics/graphics.sty
Package: graphics 2021/03/04 v1.4d Standard LaTeX Graphics (DPC,SPQR)

(/Users/davidmccoy/Library/TinyTeX/texmf-dist/tex/latex/graphics/trig.sty
Package: trig 2016/01/03 v1.10 sin cos tan (DPC)
)
(/Users/davidmccoy/Library/TinyTeX/texmf-dist/tex/latex/graphics-cfg/graphics.c
fg
File: graphics.cfg 2016/06/04 v1.11 sample graphics configuration
)
Package graphics Info: Driver file: pdftex.def on input line 107.

(/Users/davidmccoy/Library/TinyTeX/texmf-dist/tex/latex/graphics-def/pdftex.def
File: pdftex.def 2020/10/05 v1.2a Graphics/color driver for pdftex
))
\Gin@req@height=\dimen143
\Gin@req@width=\dimen144
)
(/Users/davidmccoy/Library/TinyTeX/texmf-dist/tex/latex/geometry/geometry.sty
Package: geometry 2020/01/02 v5.9 Page Geometry

(/Users/davidmccoy/Library/TinyTeX/texmf-dist/tex/generic/iftex/ifvtex.sty
Package: ifvtex 2019/10/25 v1.7 ifvtex legacy package. Use iftex instead.

(/Users/davidmccoy/Library/TinyTeX/texmf-dist/tex/generic/iftex/iftex.sty
Package: iftex 2020/03/06 v1.0d TeX engine tests
))
\Gm@cnth=\count298
\Gm@cntv=\count299
\c@Gm@tempcnt=\count300
\Gm@bindingoffset=\dimen145
\Gm@wd@mp=\dimen146
\Gm@odd@mp=\dimen147
\Gm@even@mp=\dimen148
\Gm@layoutwidth=\dimen149
\Gm@layoutheight=\dimen150
\Gm@layouthoffset=\dimen151
\Gm@layoutvoffset=\dimen152
\Gm@dimlist=\toks23
)
(/Users/davidmccoy/Library/TinyTeX/texmf-dist/tex/latex/natbib/natbib.sty
Package: natbib 2010/09/13 8.31b (PWD, AO)
\bibhang=\skip74
\bibsep=\skip75
LaTeX Info: Redefining \cite on input line 694.
\c@NAT@ctr=\count301
)
(/Users/davidmccoy/Library/TinyTeX/texmf-dist/tex/latex/url/url.sty
\Urlmuskip=\muskip16
Package: url 2013/09/16  ver 3.4  Verb mode for urls, etc.
)
(/Library/Frameworks/R.framework/Resources/share/texmf/tex/latex/Sweave.sty
Package: Sweave 

(/Users/davidmccoy/Library/TinyTeX/texmf-dist/tex/latex/fancyvrb/fancyvrb.sty
Package: fancyvrb 2021/01/20 v3.7 verbatim text (tvz,hv)
\FV@CodeLineNo=\count302
\FV@InFile=\read2
\FV@TabBox=\box51
\c@FancyVerbLine=\count303
\FV@StepNumber=\count304
\FV@OutFile=\write3
)
(/Users/davidmccoy/Library/TinyTeX/texmf-dist/tex/latex/base/textcomp.sty
Package: textcomp 2020/02/02 v2.0n Standard LaTeX package
)
(/Users/davidmccoy/Library/TinyTeX/texmf-dist/tex/latex/base/fontenc.sty
Package: fontenc 2021/04/29 v2.0v Standard LaTeX package
)
(/Users/davidmccoy/Library/TinyTeX/texmf-dist/tex/latex/ae/ae.sty
Package: ae 2001/02/12 1.3 Almost European Computer Modern

(/Users/davidmccoy/Library/TinyTeX/texmf-dist/tex/latex/base/fontenc.sty
Package: fontenc 2021/04/29 v2.0v Standard LaTeX package
)))
(/Users/davidmccoy/Library/TinyTeX/texmf-dist/tex/latex/base/inputenc.sty
Package: inputenc 2021/02/14 v1.3d Input encoding file
\inpenc@prehook=\toks24
\inpenc@posthook=\toks25

(/Users/davidmccoy/Library/TinyTeX/texmf-dist/tex/latex/ucs/utf8x.def
File: utf8x.def 2004/10/17 UCS: Input encoding UTF-8
))
(/Users/davidmccoy/Library/TinyTeX/texmf-dist/tex/latex/ucs/ucs.sty
Package: ucs 2013/05/11 v2.2 UCS: Unicode input support

(/Users/davidmccoy/Library/TinyTeX/texmf-dist/tex/latex/ucs/data/uni-global.def
File: uni-global.def 2013/05/13 UCS: Unicode global data
)
\uc@secondtry=\count305
\uc@combtoks=\toks26
\uc@combtoksb=\toks27
\uc@temptokena=\toks28
) (/Users/davidmccoy/Library/TinyTeX/texmf-dist/tex/latex/tools/array.sty
Package: array 2021/04/20 v2.5e Tabular extension package (FMi)
\col@sep=\dimen153
\ar@mcellbox=\box52
\extrarowheight=\dimen154
\NC@list=\toks29
\extratabsurround=\skip76
\backup@length=\skip77
\ar@cellbox=\box53
)
(/Users/davidmccoy/Library/TinyTeX/texmf-dist/tex/latex/tools/verbatim.sty
Package: verbatim 2020-07-07 v1.5u LaTeX2e package for verbatim enhancements
\every@verbatim=\toks30
\verbatim@line=\toks31
\verbatim@in@stream=\read3
)
(/Users/davidmccoy/Library/TinyTeX/texmf-dist/tex/latex/amsfonts/amsfonts.sty
Package: amsfonts 2013/01/14 v3.01 Basic AMSFonts support
\@emptytoks=\toks32
\symAMSa=\mathgroup4
\symAMSb=\mathgroup5
LaTeX Font Info:    Redeclaring math symbol \hbar on input line 98.
LaTeX Font Info:    Overwriting math alphabet `\mathfrak' in version `bold'
(Font)                  U/euf/m/n --> U/euf/b/n on input line 106.
)
(/Users/davidmccoy/Library/TinyTeX/texmf-dist/tex/latex/amsmath/amsmath.sty
Package: amsmath 2021/04/20 v2.17j AMS math features
\@mathmargin=\skip78

For additional information on amsmath, use the `?' option.
(/Users/davidmccoy/Library/TinyTeX/texmf-dist/tex/latex/amsmath/amstext.sty
Package: amstext 2000/06/29 v2.01 AMS text

(/Users/davidmccoy/Library/TinyTeX/texmf-dist/tex/latex/amsmath/amsgen.sty
File: amsgen.sty 1999/11/30 v2.0 generic functions
\@emptytoks=\toks33
\ex@=\dimen155
))
(/Users/davidmccoy/Library/TinyTeX/texmf-dist/tex/latex/amsmath/amsbsy.sty
Package: amsbsy 1999/11/29 v1.2d Bold Symbols
\pmbraise@=\dimen156
)
(/Users/davidmccoy/Library/TinyTeX/texmf-dist/tex/latex/amsmath/amsopn.sty
Package: amsopn 2016/03/08 v2.02 operator names
)
\inf@bad=\count306
LaTeX Info: Redefining \frac on input line 234.
\uproot@=\count307
\leftroot@=\count308
LaTeX Info: Redefining \overline on input line 399.
\classnum@=\count309
\DOTSCASE@=\count310
LaTeX Info: Redefining \ldots on input line 496.
LaTeX Info: Redefining \dots on input line 499.
LaTeX Info: Redefining \cdots on input line 620.
\Mathstrutbox@=\box54
\strutbox@=\box55
\big@size=\dimen157
LaTeX Font Info:    Redeclaring font encoding OML on input line 743.
LaTeX Font Info:    Redeclaring font encoding OMS on input line 744.
\macc@depth=\count311
\c@MaxMatrixCols=\count312
\dotsspace@=\muskip17
\c@parentequation=\count313
\dspbrk@lvl=\count314
\tag@help=\toks34
\row@=\count315
\column@=\count316
\maxfields@=\count317
\andhelp@=\toks35
\eqnshift@=\dimen158
\alignsep@=\dimen159
\tagshift@=\dimen160
\tagwidth@=\dimen161
\totwidth@=\dimen162
\lineht@=\dimen163
\@envbody=\toks36
\multlinegap=\skip79
\multlinetaggap=\skip80
\mathdisplay@stack=\toks37
LaTeX Info: Redefining \[ on input line 2923.
LaTeX Info: Redefining \] on input line 2924.
)
(/Users/davidmccoy/Library/TinyTeX/texmf-dist/tex/latex/caption/caption.sty
Package: caption 2020/10/26 v3.5g Customizing captions (AR)

(/Users/davidmccoy/Library/TinyTeX/texmf-dist/tex/latex/caption/caption3.sty
Package: caption3 2020/10/21 v2.2e caption3 kernel (AR)
\captionmargin=\dimen164
\captionmargin@=\dimen165
\captionwidth=\dimen166
\caption@tempdima=\dimen167
\caption@indent=\dimen168
\caption@parindent=\dimen169
\caption@hangindent=\dimen170
Package caption Info: Standard document class detected.
)
\c@caption@flags=\count318
\c@continuedfloat=\count319
)
(/Users/davidmccoy/Library/TinyTeX/texmf-dist/tex/latex/newfloat/newfloat.sty
Package: newfloat 2019/09/02 v1.1l Defining new floating environments (AR)
)
Package newfloat Info: New float `mytype' with options `' on input line 29.
\c@mytype=\count320
\newfloat@ftype=\count321
Package newfloat Info: float type `mytype'=8 on input line 29.
LaTeX Font Info:    Trying to load font information for T1+aer on input line 62
.

(/Users/davidmccoy/Library/TinyTeX/texmf-dist/tex/latex/ae/t1aer.fd
File: t1aer.fd 1997/11/16 Font definitions for T1/aer.
)
(/Users/davidmccoy/Library/TinyTeX/texmf-dist/tex/latex/l3backend/l3backend-pdf
tex.def
File: l3backend-pdftex.def 2021-05-07 L3 backend support: PDF output (pdfTeX)
\l__color_backend_stack_int=\count322
\l__pdf_internal_box=\box56
) (./RLab3_answers.aux)
\openout1 = `RLab3_answers.aux'.

LaTeX Font Info:    Checking defaults for OML/cmm/m/it on input line 62.
LaTeX Font Info:    ... okay on input line 62.
LaTeX Font Info:    Checking defaults for OMS/cmsy/m/n on input line 62.
LaTeX Font Info:    ... okay on input line 62.
LaTeX Font Info:    Checking defaults for OT1/cmr/m/n on input line 62.
LaTeX Font Info:    ... okay on input line 62.
LaTeX Font Info:    Checking defaults for T1/cmr/m/n on input line 62.
LaTeX Font Info:    ... okay on input line 62.
LaTeX Font Info:    Checking defaults for TS1/cmr/m/n on input line 62.
LaTeX Font Info:    ... okay on input line 62.
LaTeX Font Info:    Checking defaults for OMX/cmex/m/n on input line 62.
LaTeX Font Info:    ... okay on input line 62.
LaTeX Font Info:    Checking defaults for U/cmr/m/n on input line 62.
LaTeX Font Info:    ... okay on input line 62.

(/Users/davidmccoy/Library/TinyTeX/texmf-dist/tex/latex/epstopdf-pkg/epstopdf-b
ase.sty
Package: epstopdf-base 2020-01-24 v2.11 Base part for package epstopdf
Package epstopdf-base Info: Redefining graphics rule for `.eps' on input line 4
85.

(/Users/davidmccoy/Library/TinyTeX/texmf-dist/tex/latex/latexconfig/epstopdf-sy
s.cfg
File: epstopdf-sys.cfg 2010/07/13 v1.3 Configuration of (r)epstopdf for TeX Liv
e
))
*geometry* driver: auto-detecting
*geometry* detected driver: pdftex
*geometry* verbose mode - [ preamble ] result:
* driver: pdftex
* paper: letterpaper
* layout: <same size as paper>
* layoutoffset:(h,v)=(0.0pt,0.0pt)
* modes: 
* h-part:(L,W,R)=(65.04256pt, 484.20988pt, 65.04256pt)
* v-part:(T,H,B)=(65.04256pt, 664.88487pt, 65.04256pt)
* \paperwidth=614.295pt
* \paperheight=794.96999pt
* \textwidth=484.20988pt
* \textheight=664.88487pt
* \oddsidemargin=-7.22743pt
* \evensidemargin=-7.22743pt
* \topmargin=-37.22743pt
* \headheight=15.0pt
* \headsep=15.0pt
* \topskip=10.0pt
* \footskip=29.0pt
* \marginparwidth=36.135pt
* \marginparsep=5.0pt
* \columnsep=10.0pt
* \skip\footins=9.0pt plus 4.0pt minus 2.0pt
* \hoffset=0.0pt
* \voffset=0.0pt
* \mag=1000
* \@twocolumnfalse
* \@twosidefalse
* \@mparswitchfalse
* \@reversemarginfalse
* (1in=72.27pt=25.4mm, 1cm=28.453pt)

(/Users/davidmccoy/Library/TinyTeX/texmf-dist/tex/latex/ucs/ucsencs.def
File: ucsencs.def 2011/01/21 Fixes to fontencodings LGR, T3
)
Package caption Info: Begin \AtBeginDocument code.
Package caption Info: End \AtBeginDocument code.
LaTeX Font Info:    Trying to load font information for U+msa on input line 63.


(/Users/davidmccoy/Library/TinyTeX/texmf-dist/tex/latex/amsfonts/umsa.fd
File: umsa.fd 2013/01/14 v3.01 AMS symbols A
)
LaTeX Font Info:    Trying to load font information for U+msb on input line 63.


(/Users/davidmccoy/Library/TinyTeX/texmf-dist/tex/latex/amsfonts/umsb.fd
File: umsb.fd 2013/01/14 v3.01 AMS symbols B
)
(./RLab3_answers-concordance.tex)
LaTeX Font Info:    Trying to load font information for T1+aett on input line 6
8.

(/Users/davidmccoy/Library/TinyTeX/texmf-dist/tex/latex/ae/t1aett.fd
File: t1aett.fd 1997/11/16 Font definitions for T1/aett.
)
Overfull \hbox (27.93971pt too wide) in paragraph at lines 89--90
 [] 
 []

<identification.jpg, id=2, 501.875pt x 319.1925pt>
File: identification.jpg Graphic file (type jpg)
<use identification.jpg>
Package pdftex.def Info: identification.jpg  used on input line 102.
(pdftex.def)             Requested size: 145.26443pt x 92.3881pt.
[1

{/Users/davidmccoy/Library/TinyTeX/texmf-var/fonts/map/pdftex/updmap/pdftex.map
}]
LaTeX Font Info:    Font shape `T1/aer/b/it' in size <10> not available
(Font)              Font shape `T1/aer/bx/it' tried instead on input line 137.

Underfull \hbox (badness 10000) in paragraph at lines 137--137

 []


Underfull \hbox (badness 10000) in paragraph at lines 137--137

 []


Overfull \hbox (13.4599pt too wide) in paragraph at lines 121--138
[] 
 []

[2 <./identification.jpg>] [3]
Overfull \hbox (5.88066pt too wide) detected at line 250
\OT1/cmr/m/n/10 	[](\OML/cmm/m/it/10 P[]\OT1/cmr/m/n/10 ) = [] \OML/cmm/m/it/10
 E[]\OT1/cmr/m/n/10 [\OML/cmm/m/it/10 Y\OMS/cmsy/m/n/10 j[]\OT1/cmr/m/n/10 (2) 
= 1\OML/cmm/m/it/10 ; []\OT1/cmr/m/n/10 (2) = [](2)] \OMS/cmsy/m/n/10 ^^B \OML/
cmm/m/it/10 P[][]L\OT1/cmr/m/n/10 (2) = \OML/cmm/m/it/10 l\OT1/cmr/m/n/10 (2)\O
MS/cmsy/m/n/10 j\OML/cmm/m/it/10 A\OT1/cmr/m/n/10 (1) = 1\OML/cmm/m/it/10 ; L\O
T1/cmr/m/n/10 (1) = \OML/cmm/m/it/10 l\OT1/cmr/m/n/10 (1)[] \OMS/cmsy/m/n/10 ^^
B \OML/cmm/m/it/10 P[]\OT1/cmr/m/n/10 (\OML/cmm/m/it/10 L\OT1/cmr/m/n/10 (1) = 
\OML/cmm/m/it/10 l\OT1/cmr/m/n/10 (1)[] = []
 []


Overfull \hbox (3.72408pt too wide) detected at line 259
\OT1/cmr/m/n/10 	[](\OML/cmm/m/it/10 P[]\OT1/cmr/m/n/10 ) = [] [] \OMS/cmsy/m/n
/10 ^^B [] ^^B []
 []

[4]
Overfull \hbox (16.25583pt too wide) detected at line 281
[]
 []

[5] [6] [7] [8]
Overfull \hbox (12.08812pt too wide) detected at line 578
\OML/cmm/m/it/10 E[]\OT1/cmr/m/n/10 [\OML/cmm/m/it/10 Y[]\OT1/cmr/m/n/10 ] = []
 \OML/cmm/m/it/10 E[]\OT1/cmr/m/n/10 [\OML/cmm/m/it/10 Y\OMS/cmsy/m/n/10 j[]\OT
1/cmr/m/n/10 (4) = [](4)\OML/cmm/m/it/10 ; []\OT1/cmr/m/n/10 (4) = [](4)] \OMS/
cmsy/m/n/10 ^^B [] \OML/cmm/m/it/10 P[]\OT1/cmr/m/n/10 (\OML/cmm/m/it/10 L\OT1/
cmr/m/n/10 (\OML/cmm/m/it/10 t\OT1/cmr/m/n/10 ) = \OML/cmm/m/it/10 l\OT1/cmr/m/
n/10 (\OML/cmm/m/it/10 t\OT1/cmr/m/n/10 )\OMS/cmsy/m/n/10 j[]\OT1/cmr/m/n/10 (\
OML/cmm/m/it/10 t \OMS/cmsy/m/n/10 ^^@ \OT1/cmr/m/n/10 1) = [](\OML/cmm/m/it/10
 t \OMS/cmsy/m/n/10 ^^@ \OT1/cmr/m/n/10 1)\OML/cmm/m/it/10 ; []\OT1/cmr/m/n/10 
(\OML/cmm/m/it/10 t \OMS/cmsy/m/n/10 ^^@ \OT1/cmr/m/n/10 1) = [](\OML/cmm/m/it/
10 t \OMS/cmsy/m/n/10 ^^@ \OT1/cmr/m/n/10 1))
 []

[9] [10] [11] [12] [13] [14]
This exam contains 0 questions with 0 parts, 0 subparts, and 0 subsubparts.
(./RLab3_answers.aux) ) 
Here is how much of TeX's memory you used:
 6364 strings out of 480477
 99548 string characters out of 5898168
 450869 words of memory out of 5000000
 23946 multiletter control sequences out of 15000+600000
 442874 words of font info for 102 fonts, out of 8000000 for 9000
 14 hyphenation exceptions out of 8191
 57i,13n,66p,731b,415s stack positions out of 5000i,500n,10000p,200000b,80000s
</Users/davidmccoy/Library/TinyTeX/texmf-dist/fonts/type
1/public/amsfonts/cm/cmb10.pfb></Users/davidmccoy/Library/TinyTeX/texmf-dist/fo
nts/type1/public/amsfonts/cm/cmbxti10.pfb></Users/davidmccoy/Library/TinyTeX/te
xmf-dist/fonts/type1/public/amsfonts/cm/cmex10.pfb></Users/davidmccoy/Library/T
inyTeX/texmf-dist/fonts/type1/public/amsfonts/cm/cmmi10.pfb></Users/davidmccoy/
Library/TinyTeX/texmf-dist/fonts/type1/public/amsfonts/cm/cmmi12.pfb></Users/da
vidmccoy/Library/TinyTeX/texmf-dist/fonts/type1/public/amsfonts/cm/cmmi7.pfb></
Users/davidmccoy/Library/TinyTeX/texmf-dist/fonts/type1/public/amsfonts/cm/cmr1
0.pfb></Users/davidmccoy/Library/TinyTeX/texmf-dist/fonts/type1/public/amsfonts
/cm/cmr12.pfb></Users/davidmccoy/Library/TinyTeX/texmf-dist/fonts/type1/public/
amsfonts/cm/cmr17.pfb></Users/davidmccoy/Library/TinyTeX/texmf-dist/fonts/type1
/public/amsfonts/cm/cmr7.pfb></Users/davidmccoy/Library/TinyTeX/texmf-dist/font
s/type1/public/amsfonts/cm/cmsl10.pfb></Users/davidmccoy/Library/TinyTeX/texmf-
dist/fonts/type1/public/amsfonts/cm/cmsltt10.pfb></Users/davidmccoy/Library/Tin
yTeX/texmf-dist/fonts/type1/public/amsfonts/cm/cmsy10.pfb></Users/davidmccoy/Li
brary/TinyTeX/texmf-dist/fonts/type1/public/amsfonts/cm/cmsy7.pfb></Users/david
mccoy/Library/TinyTeX/texmf-dist/fonts/type1/public/amsfonts/cm/cmti10.pfb></Us
ers/davidmccoy/Library/TinyTeX/texmf-dist/fonts/type1/public/amsfonts/cm/cmtt10
.pfb></Users/davidmccoy/Library/TinyTeX/texmf-dist/fonts/type1/public/amsfonts/
symbols/msbm10.pfb>
Output written on RLab3_answers.pdf (14 pages, 300652 bytes).
PDF statistics:
 137 PDF objects out of 1000 (max. 8388607)
 84 compressed objects within 1 object stream
 0 named destinations out of 1000 (max. 500000)
 10 words of extra memory for PDF output out of 10000 (max. 10000000)

