This is pdfTeX, Version 3.141592653-2.6-1.40.23 (TeX Live 2022/dev) (preloaded format=pdflatex 2021.7.8)  1 NOV 2021 21:43
entering extended mode
 restricted \write18 enabled.
 %&-line parsing enabled.
**RLab6_answers.tex
(./RLab6_answers.tex
LaTeX2e <2021-06-01> patch level 1
L3 programming layer <2021-06-18>
(/Users/davidmccoy/Library/TinyTeX/texmf-dist/tex/latex/exam/exam.cls
Document Class: exam 2021/02/26 Version 2.7 by Philip Hirschhorn
(/Users/davidmccoy/Library/TinyTeX/texmf-dist/tex/latex/base/ifthen.sty
Package: ifthen 2020/11/24 v1.1c Standard LaTeX ifthen package (DPC)
)
(/Users/davidmccoy/Library/TinyTeX/texmf-dist/tex/latex/base/article.cls
Document Class: article 2021/02/12 v1.4n Standard LaTeX document class
(/Users/davidmccoy/Library/TinyTeX/texmf-dist/tex/latex/base/size10.clo
File: size10.clo 2021/02/12 v1.4n Standard LaTeX file (size option)
)
\c@part=\count182
\c@section=\count183
\c@subsection=\count184
\c@subsubsection=\count185
\c@paragraph=\count186
\c@subparagraph=\count187
\c@figure=\count188
\c@table=\count189
\abovecaptionskip=\skip47
\belowcaptionskip=\skip48
\bibindent=\dimen138
)
\@extrawidth=\skip49
\@rightmargin=\skip50
\@extrahead=\skip51
\@extrafoot=\skip52
\run@exhd=\skip53
\fp@exhd=\skip54
\run@exft=\skip55
\fp@exft=\skip56
\covrun@exhd=\skip57
\covfp@exhd=\skip58
\covrun@exft=\skip59
\covfp@exft=\skip60
\c@num@coverpages=\count190
\c@latest@ques=\count191
\c@ques@end=\count192
\c@last@object=\count193
\c@incmp@ques=\count194
\c@next@ques=\count195
\c@next@page=\count196
\c@tmp@hlfcntr=\count197
\c@ifpos@cntr=\count198
\c@question=\count199
\c@partno=\count266
\c@subpart=\count267
\c@subsubpart=\count268
\c@choice=\count269
\c@numpoints=\count270
\c@numbonuspoints=\count271
\c@pointsof@thisquestion=\count272
\c@bonuspointsof@thisquestion=\count273
\c@numquestions=\count274
\c@numparts=\count275
\c@numsubparts=\count276
\c@numsubsubparts=\count277
\c@Curr@Page=\count278
\c@@pagepoints=\count279
\c@@pagebonuspoints=\count280
\c@pageof@pagepoints=\count281
\c@pageof@pagebonuspoints=\count282
\c@latest@points=\count283
\c@latest@bonuspoints=\count284
\pageinfo@commands=\toks16
\temp@toks=\toks17
\pagepoint@commands=\toks18
\point@toks=\toks19
\c@ques@object=\count285
\marginpointssep=\skip61
\rightpointsmargin=\skip62
\choice@toks=\toks20
\answerlinelength=\skip63
\answerskip=\skip64
\answerclearance=\skip65
\fillinlinelength=\skip66
\linefillheight=\skip67
\linefillthickness=\skip68
\dottedlinefillheight=\skip69
\gridsize=\skip70
\gridlinewidth=\skip71
\minboxheight=\skip72
\c@@iterator=\count286
\@cellwidth=\skip73
\c@tbl@points=\count287
\c@tbl@bonuspoints=\count288
\c@pq@index=\count289
\c@pq@index@pts=\count290
\c@pq@index@bpts=\count291
\c@num@cols=\count292
\c@num@rows=\count293
\c@current@row=\count294
\c@cols@done=\count295
\exam@box=\box50
\saved@totalleftmargin=\dimen139
\@sollistdepth=\count296
\exam@FrameRule=\dimen140
\exam@FrameSep=\dimen141
)
(/Users/davidmccoy/Library/TinyTeX/texmf-dist/tex/latex/graphics/graphicx.sty
Package: graphicx 2020/12/05 v1.2c Enhanced LaTeX Graphics (DPC,SPQR)

(/Users/davidmccoy/Library/TinyTeX/texmf-dist/tex/latex/graphics/keyval.sty
Package: keyval 2014/10/28 v1.15 key=value parser (DPC)
\KV@toks@=\toks21
)
(/Users/davidmccoy/Library/TinyTeX/texmf-dist/tex/latex/graphics/graphics.sty
Package: graphics 2021/03/04 v1.4d Standard LaTeX Graphics (DPC,SPQR)

(/Users/davidmccoy/Library/TinyTeX/texmf-dist/tex/latex/graphics/trig.sty
Package: trig 2016/01/03 v1.10 sin cos tan (DPC)
)
(/Users/davidmccoy/Library/TinyTeX/texmf-dist/tex/latex/graphics-cfg/graphics.c
fg
File: graphics.cfg 2016/06/04 v1.11 sample graphics configuration
)
Package graphics Info: Driver file: pdftex.def on input line 107.

(/Users/davidmccoy/Library/TinyTeX/texmf-dist/tex/latex/graphics-def/pdftex.def
File: pdftex.def 2020/10/05 v1.2a Graphics/color driver for pdftex
))
\Gin@req@height=\dimen142
\Gin@req@width=\dimen143
)
(/Users/davidmccoy/Library/TinyTeX/texmf-dist/tex/latex/geometry/geometry.sty
Package: geometry 2020/01/02 v5.9 Page Geometry

(/Users/davidmccoy/Library/TinyTeX/texmf-dist/tex/generic/iftex/ifvtex.sty
Package: ifvtex 2019/10/25 v1.7 ifvtex legacy package. Use iftex instead.

(/Users/davidmccoy/Library/TinyTeX/texmf-dist/tex/generic/iftex/iftex.sty
Package: iftex 2020/03/06 v1.0d TeX engine tests
))
\Gm@cnth=\count297
\Gm@cntv=\count298
\c@Gm@tempcnt=\count299
\Gm@bindingoffset=\dimen144
\Gm@wd@mp=\dimen145
\Gm@odd@mp=\dimen146
\Gm@even@mp=\dimen147
\Gm@layoutwidth=\dimen148
\Gm@layoutheight=\dimen149
\Gm@layouthoffset=\dimen150
\Gm@layoutvoffset=\dimen151
\Gm@dimlist=\toks22
)
(/Users/davidmccoy/Library/TinyTeX/texmf-dist/tex/latex/natbib/natbib.sty
Package: natbib 2010/09/13 8.31b (PWD, AO)
\bibhang=\skip74
\bibsep=\skip75
LaTeX Info: Redefining \cite on input line 694.
\c@NAT@ctr=\count300
)
(/Users/davidmccoy/Library/TinyTeX/texmf-dist/tex/latex/url/url.sty
\Urlmuskip=\muskip16
Package: url 2013/09/16  ver 3.4  Verb mode for urls, etc.
)
(/Library/Frameworks/R.framework/Resources/share/texmf/tex/latex/Sweave.sty
Package: Sweave 

(/Users/davidmccoy/Library/TinyTeX/texmf-dist/tex/latex/fancyvrb/fancyvrb.sty
Package: fancyvrb 2021/01/20 v3.7 verbatim text (tvz,hv)
\FV@CodeLineNo=\count301
\FV@InFile=\read2
\FV@TabBox=\box51
\c@FancyVerbLine=\count302
\FV@StepNumber=\count303
\FV@OutFile=\write3
)
(/Users/davidmccoy/Library/TinyTeX/texmf-dist/tex/latex/base/textcomp.sty
Package: textcomp 2020/02/02 v2.0n Standard LaTeX package
)
(/Users/davidmccoy/Library/TinyTeX/texmf-dist/tex/latex/base/fontenc.sty
Package: fontenc 2021/04/29 v2.0v Standard LaTeX package
)
(/Users/davidmccoy/Library/TinyTeX/texmf-dist/tex/latex/ae/ae.sty
Package: ae 2001/02/12 1.3 Almost European Computer Modern

(/Users/davidmccoy/Library/TinyTeX/texmf-dist/tex/latex/base/fontenc.sty
Package: fontenc 2021/04/29 v2.0v Standard LaTeX package
)))
(/Users/davidmccoy/Library/TinyTeX/texmf-dist/tex/latex/base/inputenc.sty
Package: inputenc 2021/02/14 v1.3d Input encoding file
\inpenc@prehook=\toks23
\inpenc@posthook=\toks24

(/Users/davidmccoy/Library/TinyTeX/texmf-dist/tex/latex/ucs/utf8x.def
File: utf8x.def 2004/10/17 UCS: Input encoding UTF-8
))
(/Users/davidmccoy/Library/TinyTeX/texmf-dist/tex/latex/ucs/ucs.sty
Package: ucs 2013/05/11 v2.2 UCS: Unicode input support

(/Users/davidmccoy/Library/TinyTeX/texmf-dist/tex/latex/ucs/data/uni-global.def
File: uni-global.def 2013/05/13 UCS: Unicode global data
)
\uc@secondtry=\count304
\uc@combtoks=\toks25
\uc@combtoksb=\toks26
\uc@temptokena=\toks27
) (/Users/davidmccoy/Library/TinyTeX/texmf-dist/tex/latex/tools/array.sty
Package: array 2021/04/20 v2.5e Tabular extension package (FMi)
\col@sep=\dimen152
\ar@mcellbox=\box52
\extrarowheight=\dimen153
\NC@list=\toks28
\extratabsurround=\skip76
\backup@length=\skip77
\ar@cellbox=\box53
)
(/Users/davidmccoy/Library/TinyTeX/texmf-dist/tex/latex/tools/verbatim.sty
Package: verbatim 2020-07-07 v1.5u LaTeX2e package for verbatim enhancements
\every@verbatim=\toks29
\verbatim@line=\toks30
\verbatim@in@stream=\read3
)
(/Users/davidmccoy/Library/TinyTeX/texmf-dist/tex/latex/amsfonts/amsfonts.sty
Package: amsfonts 2013/01/14 v3.01 Basic AMSFonts support
\@emptytoks=\toks31
\symAMSa=\mathgroup4
\symAMSb=\mathgroup5
LaTeX Font Info:    Redeclaring math symbol \hbar on input line 98.
LaTeX Font Info:    Overwriting math alphabet `\mathfrak' in version `bold'
(Font)                  U/euf/m/n --> U/euf/b/n on input line 106.
)
(/Users/davidmccoy/Library/TinyTeX/texmf-dist/tex/latex/amsmath/amsmath.sty
Package: amsmath 2021/04/20 v2.17j AMS math features
\@mathmargin=\skip78

For additional information on amsmath, use the `?' option.
(/Users/davidmccoy/Library/TinyTeX/texmf-dist/tex/latex/amsmath/amstext.sty
Package: amstext 2000/06/29 v2.01 AMS text

(/Users/davidmccoy/Library/TinyTeX/texmf-dist/tex/latex/amsmath/amsgen.sty
File: amsgen.sty 1999/11/30 v2.0 generic functions
\@emptytoks=\toks32
\ex@=\dimen154
))
(/Users/davidmccoy/Library/TinyTeX/texmf-dist/tex/latex/amsmath/amsbsy.sty
Package: amsbsy 1999/11/29 v1.2d Bold Symbols
\pmbraise@=\dimen155
)
(/Users/davidmccoy/Library/TinyTeX/texmf-dist/tex/latex/amsmath/amsopn.sty
Package: amsopn 2016/03/08 v2.02 operator names
)
\inf@bad=\count305
LaTeX Info: Redefining \frac on input line 234.
\uproot@=\count306
\leftroot@=\count307
LaTeX Info: Redefining \overline on input line 399.
\classnum@=\count308
\DOTSCASE@=\count309
LaTeX Info: Redefining \ldots on input line 496.
LaTeX Info: Redefining \dots on input line 499.
LaTeX Info: Redefining \cdots on input line 620.
\Mathstrutbox@=\box54
\strutbox@=\box55
\big@size=\dimen156
LaTeX Font Info:    Redeclaring font encoding OML on input line 743.
LaTeX Font Info:    Redeclaring font encoding OMS on input line 744.
\macc@depth=\count310
\c@MaxMatrixCols=\count311
\dotsspace@=\muskip17
\c@parentequation=\count312
\dspbrk@lvl=\count313
\tag@help=\toks33
\row@=\count314
\column@=\count315
\maxfields@=\count316
\andhelp@=\toks34
\eqnshift@=\dimen157
\alignsep@=\dimen158
\tagshift@=\dimen159
\tagwidth@=\dimen160
\totwidth@=\dimen161
\lineht@=\dimen162
\@envbody=\toks35
\multlinegap=\skip79
\multlinetaggap=\skip80
\mathdisplay@stack=\toks36
LaTeX Info: Redefining \[ on input line 2923.
LaTeX Info: Redefining \] on input line 2924.
)
(/Users/davidmccoy/Library/TinyTeX/texmf-dist/tex/latex/caption/caption.sty
Package: caption 2020/10/26 v3.5g Customizing captions (AR)

(/Users/davidmccoy/Library/TinyTeX/texmf-dist/tex/latex/caption/caption3.sty
Package: caption3 2020/10/21 v2.2e caption3 kernel (AR)
\captionmargin=\dimen163
\captionmargin@=\dimen164
\captionwidth=\dimen165
\caption@tempdima=\dimen166
\caption@indent=\dimen167
\caption@parindent=\dimen168
\caption@hangindent=\dimen169
Package caption Info: Standard document class detected.
)
\c@caption@flags=\count317
\c@continuedfloat=\count318
)
(/Users/davidmccoy/Library/TinyTeX/texmf-dist/tex/latex/newfloat/newfloat.sty
Package: newfloat 2019/09/02 v1.1l Defining new floating environments (AR)
)
Package newfloat Info: New float `mytype' with options `' on input line 28.
\c@mytype=\count319
\newfloat@ftype=\count320
Package newfloat Info: float type `mytype'=8 on input line 28.
LaTeX Font Info:    Trying to load font information for T1+aer on input line 62
.

(/Users/davidmccoy/Library/TinyTeX/texmf-dist/tex/latex/ae/t1aer.fd
File: t1aer.fd 1997/11/16 Font definitions for T1/aer.
)
(/Users/davidmccoy/Library/TinyTeX/texmf-dist/tex/latex/l3backend/l3backend-pdf
tex.def
File: l3backend-pdftex.def 2021-05-07 L3 backend support: PDF output (pdfTeX)
\l__color_backend_stack_int=\count321
\l__pdf_internal_box=\box56
) (./RLab6_answers.aux)
\openout1 = `RLab6_answers.aux'.

LaTeX Font Info:    Checking defaults for OML/cmm/m/it on input line 62.
LaTeX Font Info:    ... okay on input line 62.
LaTeX Font Info:    Checking defaults for OMS/cmsy/m/n on input line 62.
LaTeX Font Info:    ... okay on input line 62.
LaTeX Font Info:    Checking defaults for OT1/cmr/m/n on input line 62.
LaTeX Font Info:    ... okay on input line 62.
LaTeX Font Info:    Checking defaults for T1/cmr/m/n on input line 62.
LaTeX Font Info:    ... okay on input line 62.
LaTeX Font Info:    Checking defaults for TS1/cmr/m/n on input line 62.
LaTeX Font Info:    ... okay on input line 62.
LaTeX Font Info:    Checking defaults for OMX/cmex/m/n on input line 62.
LaTeX Font Info:    ... okay on input line 62.
LaTeX Font Info:    Checking defaults for U/cmr/m/n on input line 62.
LaTeX Font Info:    ... okay on input line 62.

(/Users/davidmccoy/Library/TinyTeX/texmf-dist/tex/latex/epstopdf-pkg/epstopdf-b
ase.sty
Package: epstopdf-base 2020-01-24 v2.11 Base part for package epstopdf
Package epstopdf-base Info: Redefining graphics rule for `.eps' on input line 4
85.

(/Users/davidmccoy/Library/TinyTeX/texmf-dist/tex/latex/latexconfig/epstopdf-sy
s.cfg
File: epstopdf-sys.cfg 2010/07/13 v1.3 Configuration of (r)epstopdf for TeX Liv
e
))
*geometry* driver: auto-detecting
*geometry* detected driver: pdftex
*geometry* verbose mode - [ preamble ] result:
* driver: pdftex
* paper: letterpaper
* layout: <same size as paper>
* layoutoffset:(h,v)=(0.0pt,0.0pt)
* modes: 
* h-part:(L,W,R)=(65.04256pt, 484.20988pt, 65.04256pt)
* v-part:(T,H,B)=(65.04256pt, 664.88487pt, 65.04256pt)
* \paperwidth=614.295pt
* \paperheight=794.96999pt
* \textwidth=484.20988pt
* \textheight=664.88487pt
* \oddsidemargin=-7.22743pt
* \evensidemargin=-7.22743pt
* \topmargin=-37.22743pt
* \headheight=15.0pt
* \headsep=15.0pt
* \topskip=10.0pt
* \footskip=29.0pt
* \marginparwidth=36.135pt
* \marginparsep=5.0pt
* \columnsep=10.0pt
* \skip\footins=9.0pt plus 4.0pt minus 2.0pt
* \hoffset=0.0pt
* \voffset=0.0pt
* \mag=1000
* \@twocolumnfalse
* \@twosidefalse
* \@mparswitchfalse
* \@reversemarginfalse
* (1in=72.27pt=25.4mm, 1cm=28.453pt)

(/Users/davidmccoy/Library/TinyTeX/texmf-dist/tex/latex/ucs/ucsencs.def
File: ucsencs.def 2011/01/21 Fixes to fontencodings LGR, T3
)
Package caption Info: Begin \AtBeginDocument code.
Package caption Info: End \AtBeginDocument code.
LaTeX Font Info:    Trying to load font information for U+msa on input line 63.


(/Users/davidmccoy/Library/TinyTeX/texmf-dist/tex/latex/amsfonts/umsa.fd
File: umsa.fd 2013/01/14 v3.01 AMS symbols A
)
LaTeX Font Info:    Trying to load font information for U+msb on input line 63.


(/Users/davidmccoy/Library/TinyTeX/texmf-dist/tex/latex/amsfonts/umsb.fd
File: umsb.fd 2013/01/14 v3.01 AMS symbols B
)
(./RLab6_answers-concordance.tex)
LaTeX Font Info:    Trying to load font information for T1+aett on input line 6
9.

(/Users/davidmccoy/Library/TinyTeX/texmf-dist/tex/latex/ae/t1aett.fd
File: t1aett.fd 1997/11/16 Font definitions for T1/aett.
)
Underfull \hbox (badness 10000) in paragraph at lines 73--75

 []


Underfull \hbox (badness 10000) in paragraph at lines 77--81

 []


Overfull \hbox (27.93971pt too wide) in paragraph at lines 87--88
 [] 
 []


Overfull \hbox (15.53554pt too wide) in paragraph at lines 103--104
[]$[]$ \T1/aer/m/n/10 - go-ing for-wards in time, we es-ti-mate the con-di-tion
al dis-tri-bu-tion/density
 []

[1

{/Users/davidmccoy/Library/TinyTeX/texmf-var/fonts/map/pdftex/updmap/pdftex.map
}]
<Gcomp.png, id=19, 270.00874pt x 91.34125pt>
File: Gcomp.png Graphic file (type png)
<use Gcomp.png>
Package pdftex.def Info: Gcomp.png  used on input line 154.
(pdftex.def)             Requested size: 193.68098pt x 65.52173pt.
 [2]
Underfull \hbox (badness 10000) in paragraph at lines 181--181

 []


Overfull \hbox (13.4599pt too wide) in paragraph at lines 168--182
[] 
 []

[3 <./Gcomp.png>] [4]
Overfull \hbox (21.75246pt too wide) in paragraph at lines 300--301
[]\T1/aer/m/n/10 Because $\OML/cmm/m/it/10 Y$ \T1/aer/m/n/10 is bi-nary, for ea
ch in-di-vid-ual, draw an ob-ser-va-tion from a $\OML/cmm/m/it/10 Bernoulli\OT1
/cmr/m/n/10 (\OML/cmm/m/it/10 p[] \OT1/cmr/m/n/10 = \OML/cmm/m/it/10 Q[]\OT1/cm
r/m/n/10 (\OML/cmm/m/it/10 Y[]\OMS/cmsy/m/n/10 j\OML/cmm/m/it/10 L[]\OT1/cmr/m/
n/10 (1) =
 []


Overfull \hbox (32.92577pt too wide) in paragraph at lines 303--304
[]\T1/aer/m/n/10 Estimate the prob-a-bil-ity of $\OML/cmm/m/it/10 Y \OT1/cmr/m/
n/10 = 1$ \T1/aer/m/n/10 with the em-pir-i-cal pro-por-tion of \T1/aett/m/n/10 
y\T1/aer/m/n/10 . Have the func-tion \T1/aett/m/n/10 param.gcomp0_fun()
 []


Overfull \hbox (4.88342pt too wide) in paragraph at lines 305--306
[]\T1/aer/m/n/10 Estimate $\OML/cmm/m/it/10 E[]\OT1/cmr/m/n/10 [\OML/cmm/m/it/1
0 Y[]\OT1/cmr/m/n/10 ] = \OML/cmm/m/it/10 P[]\OT1/cmr/m/n/10 (\OML/cmm/m/it/10 
Y[] \OT1/cmr/m/n/10 = 1)$ \T1/aer/m/n/10 us-ing para-met-ric g-computation by a
p-ply-ing \T1/aett/m/n/10 param.gcomp0_fun()\T1/aer/m/n/10 ,
 []

[5] [6] [7]
LaTeX Font Info:    Trying to load font information for TS1+aett on input line 
461.

(/Library/Frameworks/R.framework/Resources/share/texmf/tex/latex/ts1aett.fd
File: ts1aett.fd 
)
LaTeX Font Info:    Trying to load font information for TS1+cmtt on input line 
461.

(/Users/davidmccoy/Library/TinyTeX/texmf-dist/tex/latex/base/ts1cmtt.fd
File: ts1cmtt.fd 2019/12/16 v2.5j Standard LaTeX font definitions
)
LaTeX Font Info:    Font shape `TS1/aett/m/sl' in size <10> not available
(Font)              Font shape `TS1/cmtt/m/sl' tried instead on input line 461.


[8] [9]
Overfull \hbox (64.13657pt too wide) in paragraph at lines 615--616
[]\T1/aer/m/n/10 Implement the para-met-ric g-computation, ICE g-computation, a
nd TMLE us-ing the func-tions \T1/aett/m/n/10 param.gcomp0_fun()\T1/aer/m/n/10 
,
 []

[10] [11] [12] [13] [14] [15]
Overfull \hbox (31.4271pt too wide) detected at line 972
[]
 []

[16] [17] [18]
Underfull \vbox (badness 10000) detected at line 1199
 []


Underfull \vbox (badness 10000) detected at line 1199
 []

[19]
Overfull \hbox (64.13657pt too wide) in paragraph at lines 1209--1210
[]\T1/aer/m/n/10 Implement the para-met-ric g-computation, ICE g-computation, a
nd TMLE us-ing the func-tions \T1/aett/m/n/10 param.gcomp2_fun()\T1/aer/m/n/10 
,
 []

[20] [21] [22] [23]
This exam contains 0 questions with 0 parts, 0 subparts, and 0 subsubparts.
(./RLab6_answers.aux) ) 
Here is how much of TeX's memory you used:
 6279 strings out of 480477
 99134 string characters out of 5898168
 442223 words of memory out of 5000000
 23863 multiletter control sequences out of 15000+600000
 437013 words of font info for 96 fonts, out of 8000000 for 9000
 14 hyphenation exceptions out of 8191
 57i,12n,66p,396b,554s stack positions out of 5000i,500n,10000p,200000b,80000s
 </Users/davidmccoy/Library/TinyTeX/texmf-var/fonts/pk/l
jfour/jknappen/ec/tcst1000.600pk></Users/davidmccoy/Library/TinyTeX/texmf-dist/
fonts/type1/public/amsfonts/cm/cmb10.pfb></Users/davidmccoy/Library/TinyTeX/tex
mf-dist/fonts/type1/public/amsfonts/cm/cmex10.pfb></Users/davidmccoy/Library/Ti
nyTeX/texmf-dist/fonts/type1/public/amsfonts/cmextra/cmex7.pfb></Users/davidmcc
oy/Library/TinyTeX/texmf-dist/fonts/type1/public/amsfonts/cm/cmmi10.pfb></Users
/davidmccoy/Library/TinyTeX/texmf-dist/fonts/type1/public/amsfonts/cm/cmmi12.pf
b></Users/davidmccoy/Library/TinyTeX/texmf-dist/fonts/type1/public/amsfonts/cm/
cmmi5.pfb></Users/davidmccoy/Library/TinyTeX/texmf-dist/fonts/type1/public/amsf
onts/cm/cmmi7.pfb></Users/davidmccoy/Library/TinyTeX/texmf-dist/fonts/type1/pub
lic/amsfonts/cm/cmr10.pfb></Users/davidmccoy/Library/TinyTeX/texmf-dist/fonts/t
ype1/public/amsfonts/cm/cmr12.pfb></Users/davidmccoy/Library/TinyTeX/texmf-dist
/fonts/type1/public/amsfonts/cm/cmr17.pfb></Users/davidmccoy/Library/TinyTeX/te
xmf-dist/fonts/type1/public/amsfonts/cm/cmr5.pfb></Users/davidmccoy/Library/Tin
yTeX/texmf-dist/fonts/type1/public/amsfonts/cm/cmr7.pfb></Users/davidmccoy/Libr
ary/TinyTeX/texmf-dist/fonts/type1/public/amsfonts/cm/cmsl10.pfb></Users/davidm
ccoy/Library/TinyTeX/texmf-dist/fonts/type1/public/amsfonts/cm/cmsltt10.pfb></U
sers/davidmccoy/Library/TinyTeX/texmf-dist/fonts/type1/public/amsfonts/cm/cmsy1
0.pfb></Users/davidmccoy/Library/TinyTeX/texmf-dist/fonts/type1/public/amsfonts
/cm/cmsy5.pfb></Users/davidmccoy/Library/TinyTeX/texmf-dist/fonts/type1/public/
amsfonts/cm/cmsy7.pfb></Users/davidmccoy/Library/TinyTeX/texmf-dist/fonts/type1
/public/amsfonts/cm/cmti10.pfb></Users/davidmccoy/Library/TinyTeX/texmf-dist/fo
nts/type1/public/amsfonts/cm/cmtt10.pfb></Users/davidmccoy/Library/TinyTeX/texm
f-dist/fonts/type1/public/amsfonts/symbols/msbm7.pfb>
Output written on RLab6_answers.pdf (23 pages, 314284 bytes).
PDF statistics:
 188 PDF objects out of 1000 (max. 8388607)
 117 compressed objects within 2 object streams
 0 named destinations out of 1000 (max. 500000)
 10 words of extra memory for PDF output out of 10000 (max. 10000000)

