This is pdfTeX, Version 3.141592653-2.6-1.40.23 (TeX Live 2022/dev) (preloaded format=pdflatex 2021.7.8)  30 AUG 2021 20:54
entering extended mode
 restricted \write18 enabled.
 %&-line parsing enabled.
**RLab0.tex
(./RLab0.tex
LaTeX2e <2021-06-01> patch level 1
L3 programming layer <2021-06-18> (./exam.cls
Document Class: exam 2021/02/26 Version 2.7 by Philip Hirschhorn
(/Users/davidmccoy/Library/TinyTeX/texmf-dist/tex/latex/base/ifthen.sty
Package: ifthen 2020/11/24 v1.1c Standard LaTeX ifthen package (DPC)
)
(/Users/davidmccoy/Library/TinyTeX/texmf-dist/tex/latex/base/article.cls
Document Class: article 2021/02/12 v1.4n Standard LaTeX document class
(/Users/davidmccoy/Library/TinyTeX/texmf-dist/tex/latex/base/size10.clo
File: size10.clo 2021/02/12 v1.4n Standard LaTeX file (size option)
)
\c@part=\count182
\c@section=\count183
\c@subsection=\count184
\c@subsubsection=\count185
\c@paragraph=\count186
\c@subparagraph=\count187
\c@figure=\count188
\c@table=\count189
\abovecaptionskip=\skip47
\belowcaptionskip=\skip48
\bibindent=\dimen138
)
\@extrawidth=\skip49
\@rightmargin=\skip50
\@extrahead=\skip51
\@extrafoot=\skip52
\run@exhd=\skip53
\fp@exhd=\skip54
\run@exft=\skip55
\fp@exft=\skip56
\covrun@exhd=\skip57
\covfp@exhd=\skip58
\covrun@exft=\skip59
\covfp@exft=\skip60
\c@num@coverpages=\count190
\c@latest@ques=\count191
\c@ques@end=\count192
\c@last@object=\count193
\c@incmp@ques=\count194
\c@next@ques=\count195
\c@next@page=\count196
\c@tmp@hlfcntr=\count197
\c@ifpos@cntr=\count198
\c@question=\count199
\c@partno=\count266
\c@subpart=\count267
\c@subsubpart=\count268
\c@choice=\count269
\c@numpoints=\count270
\c@numbonuspoints=\count271
\c@pointsof@thisquestion=\count272
\c@bonuspointsof@thisquestion=\count273
\c@numquestions=\count274
\c@numparts=\count275
\c@numsubparts=\count276
\c@numsubsubparts=\count277
\c@Curr@Page=\count278
\c@@pagepoints=\count279
\c@@pagebonuspoints=\count280
\c@pageof@pagepoints=\count281
\c@pageof@pagebonuspoints=\count282
\c@latest@points=\count283
\c@latest@bonuspoints=\count284
\pageinfo@commands=\toks16
\temp@toks=\toks17
\pagepoint@commands=\toks18
\point@toks=\toks19
\c@ques@object=\count285
\marginpointssep=\skip61
\rightpointsmargin=\skip62
\choice@toks=\toks20
\answerlinelength=\skip63
\answerskip=\skip64
\answerclearance=\skip65
\fillinlinelength=\skip66
\linefillheight=\skip67
\linefillthickness=\skip68
\dottedlinefillheight=\skip69
\gridsize=\skip70
\gridlinewidth=\skip71
\minboxheight=\skip72
\c@@iterator=\count286
\@cellwidth=\skip73
\c@tbl@points=\count287
\c@tbl@bonuspoints=\count288
\c@pq@index=\count289
\c@pq@index@pts=\count290
\c@pq@index@bpts=\count291
\c@num@cols=\count292
\c@num@rows=\count293
\c@current@row=\count294
\c@cols@done=\count295
\exam@box=\box50
\saved@totalleftmargin=\dimen139
\@sollistdepth=\count296
\exam@FrameRule=\dimen140
\exam@FrameSep=\dimen141
)
(/Users/davidmccoy/Library/TinyTeX/texmf-dist/tex/latex/graphics/graphicx.sty
Package: graphicx 2020/12/05 v1.2c Enhanced LaTeX Graphics (DPC,SPQR)

(/Users/davidmccoy/Library/TinyTeX/texmf-dist/tex/latex/graphics/keyval.sty
Package: keyval 2014/10/28 v1.15 key=value parser (DPC)
\KV@toks@=\toks21
)
(/Users/davidmccoy/Library/TinyTeX/texmf-dist/tex/latex/graphics/graphics.sty
Package: graphics 2021/03/04 v1.4d Standard LaTeX Graphics (DPC,SPQR)

(/Users/davidmccoy/Library/TinyTeX/texmf-dist/tex/latex/graphics/trig.sty
Package: trig 2016/01/03 v1.10 sin cos tan (DPC)
)
(/Users/davidmccoy/Library/TinyTeX/texmf-dist/tex/latex/graphics-cfg/graphics.c
fg
File: graphics.cfg 2016/06/04 v1.11 sample graphics configuration
)
Package graphics Info: Driver file: pdftex.def on input line 107.

(/Users/davidmccoy/Library/TinyTeX/texmf-dist/tex/latex/graphics-def/pdftex.def
File: pdftex.def 2020/10/05 v1.2a Graphics/color driver for pdftex
))
\Gin@req@height=\dimen142
\Gin@req@width=\dimen143
)
(/Users/davidmccoy/Library/TinyTeX/texmf-dist/tex/latex/geometry/geometry.sty
Package: geometry 2020/01/02 v5.9 Page Geometry

(/Users/davidmccoy/Library/TinyTeX/texmf-dist/tex/generic/iftex/ifvtex.sty
Package: ifvtex 2019/10/25 v1.7 ifvtex legacy package. Use iftex instead.

(/Users/davidmccoy/Library/TinyTeX/texmf-dist/tex/generic/iftex/iftex.sty
Package: iftex 2020/03/06 v1.0d TeX engine tests
))
\Gm@cnth=\count297
\Gm@cntv=\count298
\c@Gm@tempcnt=\count299
\Gm@bindingoffset=\dimen144
\Gm@wd@mp=\dimen145
\Gm@odd@mp=\dimen146
\Gm@even@mp=\dimen147
\Gm@layoutwidth=\dimen148
\Gm@layoutheight=\dimen149
\Gm@layouthoffset=\dimen150
\Gm@layoutvoffset=\dimen151
\Gm@dimlist=\toks22
)
(/Users/davidmccoy/Library/TinyTeX/texmf-dist/tex/latex/natbib/natbib.sty
Package: natbib 2010/09/13 8.31b (PWD, AO)
\bibhang=\skip74
\bibsep=\skip75
LaTeX Info: Redefining \cite on input line 694.
\c@NAT@ctr=\count300
)
(/Users/davidmccoy/Library/TinyTeX/texmf-dist/tex/latex/url/url.sty
\Urlmuskip=\muskip16
Package: url 2013/09/16  ver 3.4  Verb mode for urls, etc.
)
(/Users/davidmccoy/Library/TinyTeX/texmf-dist/tex/latex/base/inputenc.sty
Package: inputenc 2021/02/14 v1.3d Input encoding file
\inpenc@prehook=\toks23
\inpenc@posthook=\toks24

(/Users/davidmccoy/Library/TinyTeX/texmf-dist/tex/latex/ucs/utf8x.def
File: utf8x.def 2004/10/17 UCS: Input encoding UTF-8
))
(/Users/davidmccoy/Library/TinyTeX/texmf-dist/tex/latex/ucs/ucs.sty
Package: ucs 2013/05/11 v2.2 UCS: Unicode input support

(/Users/davidmccoy/Library/TinyTeX/texmf-dist/tex/latex/ucs/data/uni-global.def
File: uni-global.def 2013/05/13 UCS: Unicode global data
)
\uc@secondtry=\count301
\uc@combtoks=\toks25
\uc@combtoksb=\toks26
\uc@temptokena=\toks27
) (/Users/davidmccoy/Library/TinyTeX/texmf-dist/tex/latex/tools/array.sty
Package: array 2021/04/20 v2.5e Tabular extension package (FMi)
\col@sep=\dimen152
\ar@mcellbox=\box51
\extrarowheight=\dimen153
\NC@list=\toks28
\extratabsurround=\skip76
\backup@length=\skip77
\ar@cellbox=\box52
)
(/Users/davidmccoy/Library/TinyTeX/texmf-dist/tex/latex/tools/verbatim.sty
Package: verbatim 2020-07-07 v1.5u LaTeX2e package for verbatim enhancements
\every@verbatim=\toks29
\verbatim@line=\toks30
\verbatim@in@stream=\read2
)
(/Users/davidmccoy/Library/TinyTeX/texmf-dist/tex/latex/amsfonts/amsfonts.sty
Package: amsfonts 2013/01/14 v3.01 Basic AMSFonts support
\@emptytoks=\toks31
\symAMSa=\mathgroup4
\symAMSb=\mathgroup5
LaTeX Font Info:    Redeclaring math symbol \hbar on input line 98.
LaTeX Font Info:    Overwriting math alphabet `\mathfrak' in version `bold'
(Font)                  U/euf/m/n --> U/euf/b/n on input line 106.
)
(/Users/davidmccoy/Library/TinyTeX/texmf-dist/tex/latex/amsmath/amsmath.sty
Package: amsmath 2021/04/20 v2.17j AMS math features
\@mathmargin=\skip78

For additional information on amsmath, use the `?' option.
(/Users/davidmccoy/Library/TinyTeX/texmf-dist/tex/latex/amsmath/amstext.sty
Package: amstext 2000/06/29 v2.01 AMS text

(/Users/davidmccoy/Library/TinyTeX/texmf-dist/tex/latex/amsmath/amsgen.sty
File: amsgen.sty 1999/11/30 v2.0 generic functions
\@emptytoks=\toks32
\ex@=\dimen154
))
(/Users/davidmccoy/Library/TinyTeX/texmf-dist/tex/latex/amsmath/amsbsy.sty
Package: amsbsy 1999/11/29 v1.2d Bold Symbols
\pmbraise@=\dimen155
)
(/Users/davidmccoy/Library/TinyTeX/texmf-dist/tex/latex/amsmath/amsopn.sty
Package: amsopn 2016/03/08 v2.02 operator names
)
\inf@bad=\count302
LaTeX Info: Redefining \frac on input line 234.
\uproot@=\count303
\leftroot@=\count304
LaTeX Info: Redefining \overline on input line 399.
\classnum@=\count305
\DOTSCASE@=\count306
LaTeX Info: Redefining \ldots on input line 496.
LaTeX Info: Redefining \dots on input line 499.
LaTeX Info: Redefining \cdots on input line 620.
\Mathstrutbox@=\box53
\strutbox@=\box54
\big@size=\dimen156
LaTeX Font Info:    Redeclaring font encoding OML on input line 743.
LaTeX Font Info:    Redeclaring font encoding OMS on input line 744.
\macc@depth=\count307
\c@MaxMatrixCols=\count308
\dotsspace@=\muskip17
\c@parentequation=\count309
\dspbrk@lvl=\count310
\tag@help=\toks33
\row@=\count311
\column@=\count312
\maxfields@=\count313
\andhelp@=\toks34
\eqnshift@=\dimen157
\alignsep@=\dimen158
\tagshift@=\dimen159
\tagwidth@=\dimen160
\totwidth@=\dimen161
\lineht@=\dimen162
\@envbody=\toks35
\multlinegap=\skip79
\multlinetaggap=\skip80
\mathdisplay@stack=\toks36
LaTeX Info: Redefining \[ on input line 2923.
LaTeX Info: Redefining \] on input line 2924.
)
(/Users/davidmccoy/Library/TinyTeX/texmf-dist/tex/latex/caption/caption.sty
Package: caption 2020/10/26 v3.5g Customizing captions (AR)

(/Users/davidmccoy/Library/TinyTeX/texmf-dist/tex/latex/caption/caption3.sty
Package: caption3 2020/10/21 v2.2e caption3 kernel (AR)
\captionmargin=\dimen163
\captionmargin@=\dimen164
\captionwidth=\dimen165
\caption@tempdima=\dimen166
\caption@indent=\dimen167
\caption@parindent=\dimen168
\caption@hangindent=\dimen169
Package caption Info: Standard document class detected.
)
\c@caption@flags=\count314
\c@continuedfloat=\count315
)
(/Users/davidmccoy/Library/TinyTeX/texmf-dist/tex/latex/newfloat/newfloat.sty
Package: newfloat 2019/09/02 v1.1l Defining new floating environments (AR)
)
Package newfloat Info: New float `mytype' with options `' on input line 24.
\c@mytype=\count316
\newfloat@ftype=\count317
Package newfloat Info: float type `mytype'=8 on input line 24.

(/Library/Frameworks/R.framework/Resources/share/texmf/tex/latex/Sweave.sty
Package: Sweave 

(/Users/davidmccoy/Library/TinyTeX/texmf-dist/tex/latex/fancyvrb/fancyvrb.sty
Package: fancyvrb 2021/01/20 v3.7 verbatim text (tvz,hv)
\FV@CodeLineNo=\count318
\FV@InFile=\read3
\FV@TabBox=\box55
\c@FancyVerbLine=\count319
\FV@StepNumber=\count320
\FV@OutFile=\write3
)
(/Users/davidmccoy/Library/TinyTeX/texmf-dist/tex/latex/base/textcomp.sty
Package: textcomp 2020/02/02 v2.0n Standard LaTeX package
)
(/Users/davidmccoy/Library/TinyTeX/texmf-dist/tex/latex/base/fontenc.sty
Package: fontenc 2021/04/29 v2.0v Standard LaTeX package
)
(/Users/davidmccoy/Library/TinyTeX/texmf-dist/tex/latex/ae/ae.sty
Package: ae 2001/02/12 1.3 Almost European Computer Modern

(/Users/davidmccoy/Library/TinyTeX/texmf-dist/tex/latex/base/fontenc.sty
Package: fontenc 2021/04/29 v2.0v Standard LaTeX package
)))
LaTeX Font Info:    Trying to load font information for T1+aer on input line 58
.

(/Users/davidmccoy/Library/TinyTeX/texmf-dist/tex/latex/ae/t1aer.fd
File: t1aer.fd 1997/11/16 Font definitions for T1/aer.
)
(/Users/davidmccoy/Library/TinyTeX/texmf-dist/tex/latex/l3backend/l3backend-pdf
tex.def
File: l3backend-pdftex.def 2021-05-07 L3 backend support: PDF output (pdfTeX)
\l__color_backend_stack_int=\count321
\l__pdf_internal_box=\box56
) (./RLab0.aux)
\openout1 = `RLab0.aux'.

LaTeX Font Info:    Checking defaults for OML/cmm/m/it on input line 58.
LaTeX Font Info:    ... okay on input line 58.
LaTeX Font Info:    Checking defaults for OMS/cmsy/m/n on input line 58.
LaTeX Font Info:    ... okay on input line 58.
LaTeX Font Info:    Checking defaults for OT1/cmr/m/n on input line 58.
LaTeX Font Info:    ... okay on input line 58.
LaTeX Font Info:    Checking defaults for T1/cmr/m/n on input line 58.
LaTeX Font Info:    ... okay on input line 58.
LaTeX Font Info:    Checking defaults for TS1/cmr/m/n on input line 58.
LaTeX Font Info:    ... okay on input line 58.
LaTeX Font Info:    Checking defaults for OMX/cmex/m/n on input line 58.
LaTeX Font Info:    ... okay on input line 58.
LaTeX Font Info:    Checking defaults for U/cmr/m/n on input line 58.
LaTeX Font Info:    ... okay on input line 58.

(/Users/davidmccoy/Library/TinyTeX/texmf-dist/tex/latex/epstopdf-pkg/epstopdf-b
ase.sty
Package: epstopdf-base 2020-01-24 v2.11 Base part for package epstopdf

(/Users/davidmccoy/Library/TinyTeX/texmf-dist/tex/generic/infwarerr/infwarerr.s
ty
Package: infwarerr 2019/12/03 v1.5 Providing info/warning/error messages (HO)
) (/Users/davidmccoy/Library/TinyTeX/texmf-dist/tex/latex/grfext/grfext.sty
Package: grfext 2019/12/03 v1.3 Manage graphics extensions (HO)

(/Users/davidmccoy/Library/TinyTeX/texmf-dist/tex/generic/kvdefinekeys/kvdefine
keys.sty
Package: kvdefinekeys 2019-12-19 v1.6 Define keys (HO)
))
(/Users/davidmccoy/Library/TinyTeX/texmf-dist/tex/latex/kvoptions/kvoptions.sty
Package: kvoptions 2020-10-07 v3.14 Key value format for package options (HO)
(/Users/davidmccoy/Library/TinyTeX/texmf-dist/tex/generic/ltxcmds/ltxcmds.sty
Package: ltxcmds 2020-05-10 v1.25 LaTeX kernel commands for general use (HO)
)
(/Users/davidmccoy/Library/TinyTeX/texmf-dist/tex/generic/kvsetkeys/kvsetkeys.s
ty
Package: kvsetkeys 2019/12/15 v1.18 Key value parser (HO)
))
(/Users/davidmccoy/Library/TinyTeX/texmf-dist/tex/generic/pdftexcmds/pdftexcmds
.sty
Package: pdftexcmds 2020-06-27 v0.33 Utility functions of pdfTeX for LuaTeX (HO
)
Package pdftexcmds Info: \pdf@primitive is available.
Package pdftexcmds Info: \pdf@ifprimitive is available.
Package pdftexcmds Info: \pdfdraftmode found.
)
Package epstopdf-base Info: Redefining graphics rule for `.eps' on input line 4
85.
Package grfext Info: Graphics extension search list:
(grfext)             [.pdf,.png,.jpg,.mps,.jpeg,.jbig2,.jb2,.PDF,.PNG,.JPG,.JPE
G,.JBIG2,.JB2,.eps]
(grfext)             \AppendGraphicsExtensions on input line 504.

(/Users/davidmccoy/Library/TinyTeX/texmf-dist/tex/latex/latexconfig/epstopdf-sy
s.cfg
File: epstopdf-sys.cfg 2010/07/13 v1.3 Configuration of (r)epstopdf for TeX Liv
e
))
*geometry* driver: auto-detecting
*geometry* detected driver: pdftex
*geometry* verbose mode - [ preamble ] result:
* driver: pdftex
* paper: letterpaper
* layout: <same size as paper>
* layoutoffset:(h,v)=(0.0pt,0.0pt)
* modes: 
* h-part:(L,W,R)=(65.04256pt, 484.20988pt, 65.04256pt)
* v-part:(T,H,B)=(65.04256pt, 664.88487pt, 65.04256pt)
* \paperwidth=614.295pt
* \paperheight=794.96999pt
* \textwidth=484.20988pt
* \textheight=664.88487pt
* \oddsidemargin=-7.22743pt
* \evensidemargin=-7.22743pt
* \topmargin=-37.22743pt
* \headheight=15.0pt
* \headsep=15.0pt
* \topskip=10.0pt
* \footskip=29.0pt
* \marginparwidth=36.135pt
* \marginparsep=5.0pt
* \columnsep=10.0pt
* \skip\footins=9.0pt plus 4.0pt minus 2.0pt
* \hoffset=0.0pt
* \voffset=0.0pt
* \mag=1000
* \@twocolumnfalse
* \@twosidefalse
* \@mparswitchfalse
* \@reversemarginfalse
* (1in=72.27pt=25.4mm, 1cm=28.453pt)

(/Users/davidmccoy/Library/TinyTeX/texmf-dist/tex/latex/ucs/ucsencs.def
File: ucsencs.def 2011/01/21 Fixes to fontencodings LGR, T3
)
Package caption Info: Begin \AtBeginDocument code.
Package caption Info: End \AtBeginDocument code.

(./RLab0-concordance.tex)
LaTeX Font Info:    Trying to load font information for T1+aett on input line 6
1.

(/Users/davidmccoy/Library/TinyTeX/texmf-dist/tex/latex/ae/t1aett.fd
File: t1aett.fd 1997/11/16 Font definitions for T1/aett.
)
LaTeX Font Info:    Trying to load font information for U+msa on input line 61.


(/Users/davidmccoy/Library/TinyTeX/texmf-dist/tex/latex/amsfonts/umsa.fd
File: umsa.fd 2013/01/14 v3.01 AMS symbols A
)
LaTeX Font Info:    Trying to load font information for U+msb on input line 61.


(/Users/davidmccoy/Library/TinyTeX/texmf-dist/tex/latex/amsfonts/umsb.fd
File: umsb.fd 2013/01/14 v3.01 AMS symbols B
)
Underfull \hbox (badness 10000) in paragraph at lines 65--69

 []


Underfull \hbox (badness 10000) in paragraph at lines 70--74

 []

<welcome.jpg, id=2, 823.075pt x 401.5pt>
File: welcome.jpg Graphic file (type jpg)
<use welcome.jpg>
Package pdftex.def Info: welcome.jpg  used on input line 85.
(pdftex.def)             Requested size: 193.68098pt x 94.47504pt.

LaTeX Font Warning: Font shape `T1/aett/b/n' undefined
(Font)              using `T1/aett/m/n' instead on input line 90.

[1

{/Users/davidmccoy/Library/TinyTeX/texmf-var/fonts/map/pdftex/updmap/pdftex.map
} <./welcome.jpg>] [2]
LaTeX Font Info:    Trying to load font information for TS1+aer on input line 1
75.

(/Library/Frameworks/R.framework/Resources/share/texmf/tex/latex/ts1aer.fd
File: ts1aer.fd 
)
LaTeX Font Info:    Font shape `TS1/aer/m/n' in size <10> not available
(Font)              Font shape `TS1/cmr/m/n' tried instead on input line 175.

[3]
LaTeX Font Info:    Trying to load font information for TS1+aett on input line 
217.
 (/Library/Frameworks/R.framework/Resources/share/texmf/tex/latex/ts1aett.fd
File: ts1aett.fd 
)
LaTeX Font Info:    Trying to load font information for TS1+cmtt on input line 
217.
 (/Users/davidmccoy/Library/TinyTeX/texmf-dist/tex/latex/base/ts1cmtt.fd
File: ts1cmtt.fd 2019/12/16 v2.5j Standard LaTeX font definitions
)
LaTeX Font Info:    Font shape `TS1/aett/m/sl' in size <10> not available
(Font)              Font shape `TS1/cmtt/m/sl' tried instead on input line 217.


[4] [5] [6]
Underfull \hbox (badness 10000) in paragraph at lines 472--473

 []

[7] [8]
Underfull \hbox (badness 10000) in paragraph at lines 531--534

 []


Underfull \hbox (badness 10000) in paragraph at lines 539--542

 []


Underfull \hbox (badness 10000) in paragraph at lines 545--549

 []

[9]
Overfull \hbox (11.33551pt too wide) in paragraph at lines 619--620
[]\T1/aer/b/n/10 Implement the IPTW es-ti-ma-tor \T1/aer/m/n/10 by tak-ing a we
ighted av-er-age of $\OML/cmm/m/it/10 Y$\T1/aer/m/n/10 , with weights equal to 
$\OML/cmm/m/it/10 w[] \OT1/cmr/m/n/10 = []$\T1/aer/m/n/10 : 
 []

[10] [11]
This exam contains 0 questions with 0 parts, 0 subparts, and 0 subsubparts.
(./RLab0.aux)

LaTeX Font Warning: Some font shapes were not available, defaults substituted.

 ) 
Here is how much of TeX's memory you used:
 6763 strings out of 480477
 107348 string characters out of 5898168
 445390 words of memory out of 5000000
 24313 multiletter control sequences out of 15000+600000
 436246 words of font info for 102 fonts, out of 8000000 for 9000
 14 hyphenation exceptions out of 8191
 61i,12n,70p,783b,415s stack positions out of 5000i,500n,10000p,200000b,80000s
 </Users/davidmccoy/Library/TinyTeX/texmf-var/fonts/pk/ljfour/jknappen/ec/tcs
t1000.600pk> </Users/davidmccoy/Library/TinyTeX/texmf-var/fonts/pk/ljfour/jknap
pen/ec/tcrm1000.600pk></Users/davidmccoy/Library/TinyTeX/texmf-dist/fonts/type1
/public/amsfonts/cm/cmb10.pfb></Users/davidmccoy/Library/TinyTeX/texmf-dist/fon
ts/type1/public/amsfonts/cm/cmex10.pfb></Users/davidmccoy/Library/TinyTeX/texmf
-dist/fonts/type1/public/amsfonts/cm/cmmi10.pfb></Users/davidmccoy/Library/Tiny
TeX/texmf-dist/fonts/type1/public/amsfonts/cm/cmmi5.pfb></Users/davidmccoy/Libr
ary/TinyTeX/texmf-dist/fonts/type1/public/amsfonts/cm/cmmi7.pfb></Users/davidmc
coy/Library/TinyTeX/texmf-dist/fonts/type1/public/amsfonts/cm/cmr10.pfb></Users
/davidmccoy/Library/TinyTeX/texmf-dist/fonts/type1/public/amsfonts/cm/cmr12.pfb
></Users/davidmccoy/Library/TinyTeX/texmf-dist/fonts/type1/public/amsfonts/cm/c
mr17.pfb></Users/davidmccoy/Library/TinyTeX/texmf-dist/fonts/type1/public/amsfo
nts/cm/cmr7.pfb></Users/davidmccoy/Library/TinyTeX/texmf-dist/fonts/type1/publi
c/amsfonts/cm/cmsl10.pfb></Users/davidmccoy/Library/TinyTeX/texmf-dist/fonts/ty
pe1/public/amsfonts/cm/cmsltt10.pfb></Users/davidmccoy/Library/TinyTeX/texmf-di
st/fonts/type1/public/amsfonts/cm/cmsy10.pfb></Users/davidmccoy/Library/TinyTeX
/texmf-dist/fonts/type1/public/amsfonts/cm/cmsy7.pfb></Users/davidmccoy/Library
/TinyTeX/texmf-dist/fonts/type1/public/amsfonts/cm/cmti10.pfb></Users/davidmcco
y/Library/TinyTeX/texmf-dist/fonts/type1/public/amsfonts/cm/cmtt10.pfb></Users/
davidmccoy/Library/TinyTeX/texmf-dist/fonts/type1/public/amsfonts/cm/cmtt12.pfb
></Users/davidmccoy/Library/TinyTeX/texmf-dist/fonts/type1/public/amsfonts/symb
ols/msbm10.pfb>
Output written on RLab0.pdf (11 pages, 308555 bytes).
PDF statistics:
 137 PDF objects out of 1000 (max. 8388607)
 85 compressed objects within 1 object stream
 0 named destinations out of 1000 (max. 500000)
 10 words of extra memory for PDF output out of 10000 (max. 10000000)

